<?xml version="1.0" encoding="UTF-8"?>
<!-- Generated by org.testng.reporters.JUnitReportReporter -->
<testsuite skipped="0" hostname="Anusha" name="com.practice.macys.MacysTestCases" tests="1" failures="0" timestamp="22 Sep 2017 14:17:02 GMT" time="13.948" errors="0">
  <testcase name="resultItemCount" time="13.948" classname="com.practice.macys.MacysTestCases"/>
</testsuite> <!-- com.practice.macys.MacysTestCases -->
